# Logfile created on 2019-04-04 11:34:00 +0100 by logger.rb/61378
::1 - - [04/Apr/2019:11:34:20 +0100] "GET /v0/spots HTTP/1.1" 200 123 0.0958
::1 - - [04/Apr/2019:11:37:14 +0100] "GET /v0/spots/33 HTTP/1.1" 404 21 0.0108
::1 - - [04/Apr/2019:11:42:03 +0100] "GET /v0/spots/33 HTTP/1.1" 404 21 126.5141
::1 - - [04/Apr/2019:11:56:55 +0100] "GET /v0/spots/33 HTTP/1.1" 404 21 883.3789
::1 - - [04/Apr/2019:11:57:08 +0100] "GET /v0/spots HTTP/1.1" 200 123 0.2035
::1 - - [04/Apr/2019:11:58:03 +0100] "GET /v0/spots/111 HTTP/1.1" 404 21 48.9436
::1 - - [04/Apr/2019:12:33:42 +0100] "GET /v0/spots HTTP/1.1" 200 123 0.1359
::1 - - [04/Apr/2019:12:50:03 +0100] "GET /v0/spots/222 HTTP/1.1 Grey::ApiError::NotFound 404 Not found "
::1 - - [04/Apr/2019:12:50:03 +0100] "GET /v0/spots/222 HTTP/1.1" 404 21 0.0876
::1 - - [04/Apr/2019:13:09:33 +0100] "GET /v0/spots HTTP/1.1" 200 123 155.2339
::1 - - [04/Apr/2019:13:11:28 +0100] "GET /v0/spots HTTP/1.1 500 RuntimeError Internal server error"
::1 - - [04/Apr/2019:13:11:28 +0100] "GET /v0/spots HTTP/1.1" 500 33 0.0452
::1 - - [04/Apr/2019:13:39:20 +0100] "GET /v0/spots HTTP/1.1" 200 123 0.1427
::1 - - [04/Apr/2019:13:40:59 +0100] "GET /v0/spots/2222 HTTP/1.1" 404 21 0.0897
::1 - - [04/Apr/2019:13:41:57 +0100] "GET /v0/spots/2222 HTTP/1.1" 404 21 0.0840
::1 - - [04/Apr/2019:13:43:03 +0100] "GET /v0/spots/2222 HTTP/1.1" 404 21 0.0776
::1 - - [04/Apr/2019:13:45:46 +0100] "GET /v0/spots/2222 HTTP/1.1" 404 21 0.1268
::1 - - [04/Apr/2019:13:55:26 +0100] "GET /v0/spots/222 HTTP/1.1" 404 21 -1554277311.6848
::1 - - [04/Apr/2019:13:56:22 +0100] "GET /v0/spots/333 HTTP/1.1" 404 21 -1554277311.7230
::1 - - [04/Apr/2019:14:06:26 +0100] "GET /v0/spots/333 HTTP/1.1" 404 21 -1554277311.6345
::1 - - [04/Apr/2019:14:12:07 +0100] "GET /v0/spots/333 HTTP/1.1" 404 21 -1554277311.6699
::1 - - [04/Apr/2019:14:13:07 +0100] "GET /v0/spots/333 HTTP/1.1" 404 21 -1554277311.7225
::1 - - [04/Apr/2019:14:16:46 +0100] "GET /v0/spots/333 HTTP/1.1" 404 21 -1554277311.7297 Grey::ApiError::NotFound Not found
